<?xml version="1.0" encoding="UTF-8"?>
<!-- Generated by org.testng.reporters.JUnitReportReporter -->
<testsuite hostname="BOOK-ROIQ0ITO0M" failures="0" tests="4" name="testNgTesting.LambadaTesting" time="25.580" errors="0" timestamp="2023-08-21T21:17:12 IST" skipped="0">
  <testcase classname="testNgTesting.LambadaTesting" name="testingxpath" time="4.475"/>
  <system-out/>
  <testcase classname="testNgTesting.LambadaTesting" name="uploadingDcos" time="6.014"/>
  <system-out/>
  <testcase classname="testNgTesting.LambadaTesting" name="listOfElement" time="6.626"/>
  <system-out/>
  <testcase classname="testNgTesting.LambadaTesting" name="dynamicXpathTesting" time="8.465"/>
  <system-out/>
</testsuite> <!-- testNgTesting.LambadaTesting -->
