<?xml version="1.0" encoding="UTF-8"?>
<!-- Generated by org.testng.reporters.JUnitReportReporter -->
<testsuite hostname="EC2AMAZ-S11DBRH" failures="0" tests="1" name="testNgTesting.DevToolsTesting" time="22.123" errors="0" timestamp="2023-08-22T05:52:25 GMT" skipped="0">
  <testcase classname="testNgTesting.DevToolsTesting" name="emulateDeviceWithSend" time="22.123"/>
  <system-out/>
</testsuite> <!-- testNgTesting.DevToolsTesting -->
